<?xml version="1.0" encoding="UTF-8"?>
<testng-results skipped="0" failed="0" ignored="0" total="1" passed="1">
  <reporter-output>
  </reporter-output>
  <suite name="Suite" duration-ms="128414" started-at="2022-06-21T19:36:59Z" finished-at="2022-06-21T19:39:07Z">
    <groups>
    </groups>
    <test name="Test" duration-ms="128414" started-at="2022-06-21T19:36:59Z" finished-at="2022-06-21T19:39:07Z">
      <class name="com.thefork.mobile.tests.LoginPageMobileTest">
        <test-method status="PASS" signature="Init()[pri:0, instance:com.thefork.mobile.tests.LoginPageMobileTest@6cb6decd]" name="Init" is-config="true" duration-ms="838" started-at="2022-06-21T21:36:59Z" finished-at="2022-06-21T21:37:00Z">
          <reporter-output>
          </reporter-output>
        </test-method> <!-- Init -->
        <test-method status="PASS" signature="ValidatePersonalInformations()[pri:0, instance:com.thefork.mobile.tests.LoginPageMobileTest@6cb6decd]" name="ValidatePersonalInformations" duration-ms="126363" started-at="2022-06-21T21:37:00Z" finished-at="2022-06-21T21:39:06Z">
          <reporter-output>
          </reporter-output>
        </test-method> <!-- ValidatePersonalInformations -->
        <test-method status="PASS" signature="Closeapplication()[pri:0, instance:com.thefork.mobile.tests.LoginPageMobileTest@6cb6decd]" name="Closeapplication" is-config="true" duration-ms="1182" started-at="2022-06-21T21:39:06Z" finished-at="2022-06-21T21:39:07Z">
          <reporter-output>
          </reporter-output>
        </test-method> <!-- Closeapplication -->
      </class> <!-- com.thefork.mobile.tests.LoginPageMobileTest -->
    </test> <!-- Test -->
  </suite> <!-- Suite -->
</testng-results>
